{"C:\\Users\\Tanvi\\Desktop\\Practice projects\\Web Development\\ts-jest-api\\src\\app.ts": {"path":"C:\\Users\\Tanvi\\Desktop\\Practice projects\\Web Development\\ts-jest-api\\src\\app.ts","statementMap":{"0":{"start":{"line":1,"column":0},"end":{"line":1,"column":80}},"1":{"start":{"line":2,"column":0},"end":{"line":2,"column":59}},"2":{"start":{"line":4,"column":25},"end":{"line":4,"column":34}},"3":{"start":{"line":6,"column":0},"end":{"line":6,"column":30}},"4":{"start":{"line":7,"column":0},"end":{"line":9,"column":3}},"5":{"start":{"line":8,"column":4},"end":{"line":8,"column":33}},"6":{"start":{"line":11,"column":0},"end":{"line":11,"column":19}}},"fnMap":{"0":{"name":"(anonymous_1)","decl":{"start":{"line":7,"column":13},"end":{"line":7,"column":14}},"loc":{"start":{"line":7,"column":71},"end":{"line":9,"column":1}}}},"branchMap":{},"s":{"0":2,"1":2,"2":2,"3":2,"4":2,"5":1,"6":2},"f":{"0":1},"b":{}}
,"C:\\Users\\Tanvi\\Desktop\\Practice projects\\Web Development\\ts-jest-api\\src\\routes\\user.routes.ts": {"path":"C:\\Users\\Tanvi\\Desktop\\Practice projects\\Web Development\\ts-jest-api\\src\\routes\\user.routes.ts","statementMap":{"0":{"start":{"line":1,"column":0},"end":{"line":1,"column":52}},"1":{"start":{"line":3,"column":15},"end":{"line":3,"column":23}},"2":{"start":{"line":10,"column":8},"end":{"line":10,"column":14}},"3":{"start":{"line":5,"column":0},"end":{"line":8,"column":3}},"4":{"start":{"line":6,"column":16},"end":{"line":6,"column":31}},"5":{"start":{"line":7,"column":4},"end":{"line":7,"column":32}}},"fnMap":{"0":{"name":"(anonymous_0)","decl":{"start":{"line":5,"column":15},"end":{"line":5,"column":16}},"loc":{"start":{"line":5,"column":53},"end":{"line":8,"column":1}}}},"branchMap":{},"s":{"0":2,"1":2,"2":2,"3":2,"4":1,"5":1},"f":{"0":1},"b":{}}
}
